Terminals unused in grammar

    ERROR


Grammar

    0 $accept: program $end

    1 program: class_list

    2 class_list: class
    3           | class_list class

    4 class: CLASS TYPEID '{' feature_list '}' ';'
    5      | CLASS TYPEID INHERITS TYPEID '{' feature_list '}' ';'
    6      | error ';'

    7 feature_list: ε
    8             | feature_list feature

    9 feature: OBJECTID ':' TYPEID ';'
   10        | OBJECTID ':' TYPEID ASSIGN expr ';'
   11        | OBJECTID '(' ')' ':' TYPEID '{' expr '}' ';'
   12        | OBJECTID '(' formal_list ')' ':' TYPEID '{' expr '}' ';'
   13        | error ';'

   14 formal_list: formal
   15            | formal_list ',' formal

   16 formal: OBJECTID ':' TYPEID

   17 block_exprs: expr ';'
   18            | block_exprs expr ';'
   19            | block_exprs error ';'

   20 arguement_exprs: expr
   21                | arguement_exprs ',' expr
   22                | arguement_exprs ',' error

   23 case_branches: case_branch
   24              | case_branches case_branch

   25 case_branch: OBJECTID ':' TYPEID DARROW expr ';'

   26 let_body: expr

   27 let_: OBJECTID ':' TYPEID IN let_body
   28     | OBJECTID ':' TYPEID ASSIGN expr IN let_body
   29     | OBJECTID ':' TYPEID ',' let_
   30     | OBJECTID ':' TYPEID ASSIGN expr ',' let_
   31     | OBJECTID ':' TYPEID ASSIGN error IN let_body

   32 expr: OBJECTID ASSIGN expr
   33     | OBJECTID '(' ')'
   34     | OBJECTID '(' arguement_exprs ')'
   35     | expr '.' OBJECTID '(' arguement_exprs ')'
   36     | expr '.' OBJECTID '(' ')'
   37     | expr '@' TYPEID '.' OBJECTID '(' arguement_exprs ')'
   38     | expr '@' TYPEID '.' OBJECTID '(' ')'
   39     | IF expr THEN expr ELSE expr FI
   40     | WHILE expr LOOP expr POOL
   41     | '{' block_exprs '}'
   42     | LET let_
   43     | CASE expr OF case_branches ESAC
   44     | NEW TYPEID
   45     | ISVOID expr
   46     | expr '+' expr
   47     | expr '-' expr
   48     | expr '*' expr
   49     | expr '/' expr
   50     | '~' expr
   51     | expr '<' expr
   52     | expr LE expr
   53     | expr '=' expr
   54     | NOT expr
   55     | '(' expr ')'
   56     | OBJECTID
   57     | INT_CONST
   58     | STR_CONST
   59     | BOOL_CONST


Terminals, with rules where they appear

    $end (0) 0
    '(' (40) 11 12 33 34 35 36 37 38 55
    ')' (41) 11 12 33 34 35 36 37 38 55
    '*' (42) 48
    '+' (43) 46
    ',' (44) 15 21 22 29 30
    '-' (45) 47
    '.' (46) 35 36 37 38
    '/' (47) 49
    ':' (58) 9 10 11 12 16 25 27 28 29 30 31
    ';' (59) 4 5 6 9 10 11 12 13 17 18 19 25
    '<' (60) 51
    '=' (61) 53
    '@' (64) 37 38
    '{' (123) 4 5 11 12 41
    '}' (125) 4 5 11 12 41
    '~' (126) 50
    error (256) 6 13 19 22 31
    CLASS (258) 4 5
    ELSE (259) 39
    FI (260) 39
    IF (261) 39
    IN (262) 27 28 31
    INHERITS (263) 5
    LET (264) 42
    LOOP (265) 40
    POOL (266) 40
    THEN (267) 39
    WHILE (268) 40
    CASE (269) 43
    ESAC (270) 43
    OF (271) 43
    DARROW (272) 25
    NEW (273) 44
    ISVOID (274) 45
    STR_CONST <symbol> (275) 58
    INT_CONST <symbol> (276) 57
    BOOL_CONST <boolean> (277) 59
    TYPEID <symbol> (278) 4 5 9 10 11 12 16 25 27 28 29 30 31 37 38 44
    OBJECTID <symbol> (279) 9 10 11 12 16 25 27 28 29 30 31 32 33 34 35 36 37 38 56
    ASSIGN (280) 10 28 30 31 32
    NOT (281) 54
    LE (282) 52
    ERROR (283)
    LET_BODY (285)


Nonterminals, with rules where they appear

    $accept (46)
        on left: 0
    program <program> (47)
        on left: 1
        on right: 0
    class_list <classes> (48)
        on left: 2 3
        on right: 1 3
    class <class_> (49)
        on left: 4 5 6
        on right: 2 3
    feature_list <features> (50)
        on left: 7 8
        on right: 4 5 8
    feature <feature> (51)
        on left: 9 10 11 12 13
        on right: 8
    formal_list <formals> (52)
        on left: 14 15
        on right: 12 15
    formal <formal> (53)
        on left: 16
        on right: 14 15
    block_exprs <expressions> (54)
        on left: 17 18 19
        on right: 18 19 41
    arguement_exprs <expressions> (55)
        on left: 20 21 22
        on right: 21 22 34 35 37
    case_branches <cases> (56)
        on left: 23 24
        on right: 24 43
    case_branch <case_> (57)
        on left: 25
        on right: 23 24
    let_body <expression> (58)
        on left: 26
        on right: 27 28 31
    let_ <expression> (59)
        on left: 27 28 29 30 31
        on right: 29 30 42
    expr <expression> (60)
        on left: 32 33 34 35 36 37 38 39 40 41 42 43 44 45 46 47 48 49 50 51 52 53 54 55 56 57 58 59
        on right: 10 11 12 17 18 20 21 25 26 28 30 32 35 36 37 38 39 40 43 45 46 47 48 49 50 51 52 53 54 55


State 0

    0 $accept: • program $end

    error  shift, and go to state 1
    CLASS  shift, and go to state 2

    program     go to state 3
    class_list  go to state 4
    class       go to state 5


State 1

    6 class: error • ';'

    ';'  shift, and go to state 6


State 2

    4 class: CLASS • TYPEID '{' feature_list '}' ';'
    5      | CLASS • TYPEID INHERITS TYPEID '{' feature_list '}' ';'

    TYPEID  shift, and go to state 7


State 3

    0 $accept: program • $end

    $end  shift, and go to state 8


State 4

    1 program: class_list •
    3 class_list: class_list • class

    error  shift, and go to state 1
    CLASS  shift, and go to state 2

    $end  reduce using rule 1 (program)

    class  go to state 9


State 5

    2 class_list: class •

    $default  reduce using rule 2 (class_list)


State 6

    6 class: error ';' •

    $default  reduce using rule 6 (class)


State 7

    4 class: CLASS TYPEID • '{' feature_list '}' ';'
    5      | CLASS TYPEID • INHERITS TYPEID '{' feature_list '}' ';'

    INHERITS  shift, and go to state 10
    '{'       shift, and go to state 11


State 8

    0 $accept: program $end •

    $default  accept


State 9

    3 class_list: class_list class •

    $default  reduce using rule 3 (class_list)


State 10

    5 class: CLASS TYPEID INHERITS • TYPEID '{' feature_list '}' ';'

    TYPEID  shift, and go to state 12


State 11

    4 class: CLASS TYPEID '{' • feature_list '}' ';'

    $default  reduce using rule 7 (feature_list)

    feature_list  go to state 13


State 12

    5 class: CLASS TYPEID INHERITS TYPEID • '{' feature_list '}' ';'

    '{'  shift, and go to state 14


State 13

    4 class: CLASS TYPEID '{' feature_list • '}' ';'
    8 feature_list: feature_list • feature

    error     shift, and go to state 15
    OBJECTID  shift, and go to state 16
    '}'       shift, and go to state 17

    feature  go to state 18


State 14

    5 class: CLASS TYPEID INHERITS TYPEID '{' • feature_list '}' ';'

    $default  reduce using rule 7 (feature_list)

    feature_list  go to state 19


State 15

   13 feature: error • ';'

    ';'  shift, and go to state 20


State 16

    9 feature: OBJECTID • ':' TYPEID ';'
   10        | OBJECTID • ':' TYPEID ASSIGN expr ';'
   11        | OBJECTID • '(' ')' ':' TYPEID '{' expr '}' ';'
   12        | OBJECTID • '(' formal_list ')' ':' TYPEID '{' expr '}' ';'

    ':'  shift, and go to state 21
    '('  shift, and go to state 22


State 17

    4 class: CLASS TYPEID '{' feature_list '}' • ';'

    ';'  shift, and go to state 23


State 18

    8 feature_list: feature_list feature •

    $default  reduce using rule 8 (feature_list)


State 19

    5 class: CLASS TYPEID INHERITS TYPEID '{' feature_list • '}' ';'
    8 feature_list: feature_list • feature

    error     shift, and go to state 15
    OBJECTID  shift, and go to state 16
    '}'       shift, and go to state 24

    feature  go to state 18


State 20

   13 feature: error ';' •

    $default  reduce using rule 13 (feature)


State 21

    9 feature: OBJECTID ':' • TYPEID ';'
   10        | OBJECTID ':' • TYPEID ASSIGN expr ';'

    TYPEID  shift, and go to state 25


State 22

   11 feature: OBJECTID '(' • ')' ':' TYPEID '{' expr '}' ';'
   12        | OBJECTID '(' • formal_list ')' ':' TYPEID '{' expr '}' ';'

    OBJECTID  shift, and go to state 26
    ')'       shift, and go to state 27

    formal_list  go to state 28
    formal       go to state 29


State 23

    4 class: CLASS TYPEID '{' feature_list '}' ';' •

    $default  reduce using rule 4 (class)


State 24

    5 class: CLASS TYPEID INHERITS TYPEID '{' feature_list '}' • ';'

    ';'  shift, and go to state 30


State 25

    9 feature: OBJECTID ':' TYPEID • ';'
   10        | OBJECTID ':' TYPEID • ASSIGN expr ';'

    ASSIGN  shift, and go to state 31
    ';'     shift, and go to state 32


State 26

   16 formal: OBJECTID • ':' TYPEID

    ':'  shift, and go to state 33


State 27

   11 feature: OBJECTID '(' ')' • ':' TYPEID '{' expr '}' ';'

    ':'  shift, and go to state 34


State 28

   12 feature: OBJECTID '(' formal_list • ')' ':' TYPEID '{' expr '}' ';'
   15 formal_list: formal_list • ',' formal

    ')'  shift, and go to state 35
    ','  shift, and go to state 36


State 29

   14 formal_list: formal •

    $default  reduce using rule 14 (formal_list)


State 30

    5 class: CLASS TYPEID INHERITS TYPEID '{' feature_list '}' ';' •

    $default  reduce using rule 5 (class)


State 31

   10 feature: OBJECTID ':' TYPEID ASSIGN • expr ';'

    IF          shift, and go to state 37
    LET         shift, and go to state 38
    WHILE       shift, and go to state 39
    CASE        shift, and go to state 40
    NEW         shift, and go to state 41
    ISVOID      shift, and go to state 42
    STR_CONST   shift, and go to state 43
    INT_CONST   shift, and go to state 44
    BOOL_CONST  shift, and go to state 45
    OBJECTID    shift, and go to state 46
    NOT         shift, and go to state 47
    '~'         shift, and go to state 48
    '{'         shift, and go to state 49
    '('         shift, and go to state 50

    expr  go to state 51


State 32

    9 feature: OBJECTID ':' TYPEID ';' •

    $default  reduce using rule 9 (feature)


State 33

   16 formal: OBJECTID ':' • TYPEID

    TYPEID  shift, and go to state 52


State 34

   11 feature: OBJECTID '(' ')' ':' • TYPEID '{' expr '}' ';'

    TYPEID  shift, and go to state 53


State 35

   12 feature: OBJECTID '(' formal_list ')' • ':' TYPEID '{' expr '}' ';'

    ':'  shift, and go to state 54


State 36

   15 formal_list: formal_list ',' • formal

    OBJECTID  shift, and go to state 26

    formal  go to state 55


State 37

   39 expr: IF • expr THEN expr ELSE expr FI

    IF          shift, and go to state 37
    LET         shift, and go to state 38
    WHILE       shift, and go to state 39
    CASE        shift, and go to state 40
    NEW         shift, and go to state 41
    ISVOID      shift, and go to state 42
    STR_CONST   shift, and go to state 43
    INT_CONST   shift, and go to state 44
    BOOL_CONST  shift, and go to state 45
    OBJECTID    shift, and go to state 46
    NOT         shift, and go to state 47
    '~'         shift, and go to state 48
    '{'         shift, and go to state 49
    '('         shift, and go to state 50

    expr  go to state 56


State 38

   42 expr: LET • let_

    OBJECTID  shift, and go to state 57

    let_  go to state 58


State 39

   40 expr: WHILE • expr LOOP expr POOL

    IF          shift, and go to state 37
    LET         shift, and go to state 38
    WHILE       shift, and go to state 39
    CASE        shift, and go to state 40
    NEW         shift, and go to state 41
    ISVOID      shift, and go to state 42
    STR_CONST   shift, and go to state 43
    INT_CONST   shift, and go to state 44
    BOOL_CONST  shift, and go to state 45
    OBJECTID    shift, and go to state 46
    NOT         shift, and go to state 47
    '~'         shift, and go to state 48
    '{'         shift, and go to state 49
    '('         shift, and go to state 50

    expr  go to state 59


State 40

   43 expr: CASE • expr OF case_branches ESAC

    IF          shift, and go to state 37
    LET         shift, and go to state 38
    WHILE       shift, and go to state 39
    CASE        shift, and go to state 40
    NEW         shift, and go to state 41
    ISVOID      shift, and go to state 42
    STR_CONST   shift, and go to state 43
    INT_CONST   shift, and go to state 44
    BOOL_CONST  shift, and go to state 45
    OBJECTID    shift, and go to state 46
    NOT         shift, and go to state 47
    '~'         shift, and go to state 48
    '{'         shift, and go to state 49
    '('         shift, and go to state 50

    expr  go to state 60


State 41

   44 expr: NEW • TYPEID

    TYPEID  shift, and go to state 61


State 42

   45 expr: ISVOID • expr

    IF          shift, and go to state 37
    LET         shift, and go to state 38
    WHILE       shift, and go to state 39
    CASE        shift, and go to state 40
    NEW         shift, and go to state 41
    ISVOID      shift, and go to state 42
    STR_CONST   shift, and go to state 43
    INT_CONST   shift, and go to state 44
    BOOL_CONST  shift, and go to state 45
    OBJECTID    shift, and go to state 46
    NOT         shift, and go to state 47
    '~'         shift, and go to state 48
    '{'         shift, and go to state 49
    '('         shift, and go to state 50

    expr  go to state 62


State 43

   58 expr: STR_CONST •

    $default  reduce using rule 58 (expr)


State 44

   57 expr: INT_CONST •

    $default  reduce using rule 57 (expr)


State 45

   59 expr: BOOL_CONST •

    $default  reduce using rule 59 (expr)


State 46

   32 expr: OBJECTID • ASSIGN expr
   33     | OBJECTID • '(' ')'
   34     | OBJECTID • '(' arguement_exprs ')'
   56     | OBJECTID •

    ASSIGN  shift, and go to state 63
    '('     shift, and go to state 64

    $default  reduce using rule 56 (expr)


State 47

   54 expr: NOT • expr

    IF          shift, and go to state 37
    LET         shift, and go to state 38
    WHILE       shift, and go to state 39
    CASE        shift, and go to state 40
    NEW         shift, and go to state 41
    ISVOID      shift, and go to state 42
    STR_CONST   shift, and go to state 43
    INT_CONST   shift, and go to state 44
    BOOL_CONST  shift, and go to state 45
    OBJECTID    shift, and go to state 46
    NOT         shift, and go to state 47
    '~'         shift, and go to state 48
    '{'         shift, and go to state 49
    '('         shift, and go to state 50

    expr  go to state 65


State 48

   50 expr: '~' • expr

    IF          shift, and go to state 37
    LET         shift, and go to state 38
    WHILE       shift, and go to state 39
    CASE        shift, and go to state 40
    NEW         shift, and go to state 41
    ISVOID      shift, and go to state 42
    STR_CONST   shift, and go to state 43
    INT_CONST   shift, and go to state 44
    BOOL_CONST  shift, and go to state 45
    OBJECTID    shift, and go to state 46
    NOT         shift, and go to state 47
    '~'         shift, and go to state 48
    '{'         shift, and go to state 49
    '('         shift, and go to state 50

    expr  go to state 66


State 49

   41 expr: '{' • block_exprs '}'

    IF          shift, and go to state 37
    LET         shift, and go to state 38
    WHILE       shift, and go to state 39
    CASE        shift, and go to state 40
    NEW         shift, and go to state 41
    ISVOID      shift, and go to state 42
    STR_CONST   shift, and go to state 43
    INT_CONST   shift, and go to state 44
    BOOL_CONST  shift, and go to state 45
    OBJECTID    shift, and go to state 46
    NOT         shift, and go to state 47
    '~'         shift, and go to state 48
    '{'         shift, and go to state 49
    '('         shift, and go to state 50

    block_exprs  go to state 67
    expr         go to state 68


State 50

   55 expr: '(' • expr ')'

    IF          shift, and go to state 37
    LET         shift, and go to state 38
    WHILE       shift, and go to state 39
    CASE        shift, and go to state 40
    NEW         shift, and go to state 41
    ISVOID      shift, and go to state 42
    STR_CONST   shift, and go to state 43
    INT_CONST   shift, and go to state 44
    BOOL_CONST  shift, and go to state 45
    OBJECTID    shift, and go to state 46
    NOT         shift, and go to state 47
    '~'         shift, and go to state 48
    '{'         shift, and go to state 49
    '('         shift, and go to state 50

    expr  go to state 69


State 51

   10 feature: OBJECTID ':' TYPEID ASSIGN expr • ';'
   35 expr: expr • '.' OBJECTID '(' arguement_exprs ')'
   36     | expr • '.' OBJECTID '(' ')'
   37     | expr • '@' TYPEID '.' OBJECTID '(' arguement_exprs ')'
   38     | expr • '@' TYPEID '.' OBJECTID '(' ')'
   46     | expr • '+' expr
   47     | expr • '-' expr
   48     | expr • '*' expr
   49     | expr • '/' expr
   51     | expr • '<' expr
   52     | expr • LE expr
   53     | expr • '=' expr

    LE   shift, and go to state 70
    '<'  shift, and go to state 71
    '='  shift, and go to state 72
    '+'  shift, and go to state 73
    '-'  shift, and go to state 74
    '*'  shift, and go to state 75
    '/'  shift, and go to state 76
    '@'  shift, and go to state 77
    '.'  shift, and go to state 78
    ';'  shift, and go to state 79


State 52

   16 formal: OBJECTID ':' TYPEID •

    $default  reduce using rule 16 (formal)


State 53

   11 feature: OBJECTID '(' ')' ':' TYPEID • '{' expr '}' ';'

    '{'  shift, and go to state 80


State 54

   12 feature: OBJECTID '(' formal_list ')' ':' • TYPEID '{' expr '}' ';'

    TYPEID  shift, and go to state 81


State 55

   15 formal_list: formal_list ',' formal •

    $default  reduce using rule 15 (formal_list)


State 56

   35 expr: expr • '.' OBJECTID '(' arguement_exprs ')'
   36     | expr • '.' OBJECTID '(' ')'
   37     | expr • '@' TYPEID '.' OBJECTID '(' arguement_exprs ')'
   38     | expr • '@' TYPEID '.' OBJECTID '(' ')'
   39     | IF expr • THEN expr ELSE expr FI
   46     | expr • '+' expr
   47     | expr • '-' expr
   48     | expr • '*' expr
   49     | expr • '/' expr
   51     | expr • '<' expr
   52     | expr • LE expr
   53     | expr • '=' expr

    THEN  shift, and go to state 82
    LE    shift, and go to state 70
    '<'   shift, and go to state 71
    '='   shift, and go to state 72
    '+'   shift, and go to state 73
    '-'   shift, and go to state 74
    '*'   shift, and go to state 75
    '/'   shift, and go to state 76
    '@'   shift, and go to state 77
    '.'   shift, and go to state 78


State 57

   27 let_: OBJECTID • ':' TYPEID IN let_body
   28     | OBJECTID • ':' TYPEID ASSIGN expr IN let_body
   29     | OBJECTID • ':' TYPEID ',' let_
   30     | OBJECTID • ':' TYPEID ASSIGN expr ',' let_
   31     | OBJECTID • ':' TYPEID ASSIGN error IN let_body

    ':'  shift, and go to state 83


State 58

   42 expr: LET let_ •

    $default  reduce using rule 42 (expr)


State 59

   35 expr: expr • '.' OBJECTID '(' arguement_exprs ')'
   36     | expr • '.' OBJECTID '(' ')'
   37     | expr • '@' TYPEID '.' OBJECTID '(' arguement_exprs ')'
   38     | expr • '@' TYPEID '.' OBJECTID '(' ')'
   40     | WHILE expr • LOOP expr POOL
   46     | expr • '+' expr
   47     | expr • '-' expr
   48     | expr • '*' expr
   49     | expr • '/' expr
   51     | expr • '<' expr
   52     | expr • LE expr
   53     | expr • '=' expr

    LOOP  shift, and go to state 84
    LE    shift, and go to state 70
    '<'   shift, and go to state 71
    '='   shift, and go to state 72
    '+'   shift, and go to state 73
    '-'   shift, and go to state 74
    '*'   shift, and go to state 75
    '/'   shift, and go to state 76
    '@'   shift, and go to state 77
    '.'   shift, and go to state 78


State 60

   35 expr: expr • '.' OBJECTID '(' arguement_exprs ')'
   36     | expr • '.' OBJECTID '(' ')'
   37     | expr • '@' TYPEID '.' OBJECTID '(' arguement_exprs ')'
   38     | expr • '@' TYPEID '.' OBJECTID '(' ')'
   43     | CASE expr • OF case_branches ESAC
   46     | expr • '+' expr
   47     | expr • '-' expr
   48     | expr • '*' expr
   49     | expr • '/' expr
   51     | expr • '<' expr
   52     | expr • LE expr
   53     | expr • '=' expr

    OF   shift, and go to state 85
    LE   shift, and go to state 70
    '<'  shift, and go to state 71
    '='  shift, and go to state 72
    '+'  shift, and go to state 73
    '-'  shift, and go to state 74
    '*'  shift, and go to state 75
    '/'  shift, and go to state 76
    '@'  shift, and go to state 77
    '.'  shift, and go to state 78


State 61

   44 expr: NEW TYPEID •

    $default  reduce using rule 44 (expr)


State 62

   35 expr: expr • '.' OBJECTID '(' arguement_exprs ')'
   36     | expr • '.' OBJECTID '(' ')'
   37     | expr • '@' TYPEID '.' OBJECTID '(' arguement_exprs ')'
   38     | expr • '@' TYPEID '.' OBJECTID '(' ')'
   45     | ISVOID expr •
   46     | expr • '+' expr
   47     | expr • '-' expr
   48     | expr • '*' expr
   49     | expr • '/' expr
   51     | expr • '<' expr
   52     | expr • LE expr
   53     | expr • '=' expr

    '@'  shift, and go to state 77
    '.'  shift, and go to state 78

    $default  reduce using rule 45 (expr)


State 63

   32 expr: OBJECTID ASSIGN • expr

    IF          shift, and go to state 37
    LET         shift, and go to state 38
    WHILE       shift, and go to state 39
    CASE        shift, and go to state 40
    NEW         shift, and go to state 41
    ISVOID      shift, and go to state 42
    STR_CONST   shift, and go to state 43
    INT_CONST   shift, and go to state 44
    BOOL_CONST  shift, and go to state 45
    OBJECTID    shift, and go to state 46
    NOT         shift, and go to state 47
    '~'         shift, and go to state 48
    '{'         shift, and go to state 49
    '('         shift, and go to state 50

    expr  go to state 86


State 64

   33 expr: OBJECTID '(' • ')'
   34     | OBJECTID '(' • arguement_exprs ')'

    IF          shift, and go to state 37
    LET         shift, and go to state 38
    WHILE       shift, and go to state 39
    CASE        shift, and go to state 40
    NEW         shift, and go to state 41
    ISVOID      shift, and go to state 42
    STR_CONST   shift, and go to state 43
    INT_CONST   shift, and go to state 44
    BOOL_CONST  shift, and go to state 45
    OBJECTID    shift, and go to state 46
    NOT         shift, and go to state 47
    '~'         shift, and go to state 48
    '{'         shift, and go to state 49
    '('         shift, and go to state 50
    ')'         shift, and go to state 87

    arguement_exprs  go to state 88
    expr             go to state 89


State 65

   35 expr: expr • '.' OBJECTID '(' arguement_exprs ')'
   36     | expr • '.' OBJECTID '(' ')'
   37     | expr • '@' TYPEID '.' OBJECTID '(' arguement_exprs ')'
   38     | expr • '@' TYPEID '.' OBJECTID '(' ')'
   46     | expr • '+' expr
   47     | expr • '-' expr
   48     | expr • '*' expr
   49     | expr • '/' expr
   51     | expr • '<' expr
   52     | expr • LE expr
   53     | expr • '=' expr
   54     | NOT expr •

    LE   shift, and go to state 70
    '<'  shift, and go to state 71
    '='  shift, and go to state 72
    '+'  shift, and go to state 73
    '-'  shift, and go to state 74
    '*'  shift, and go to state 75
    '/'  shift, and go to state 76
    '@'  shift, and go to state 77
    '.'  shift, and go to state 78

    $default  reduce using rule 54 (expr)


State 66

   35 expr: expr • '.' OBJECTID '(' arguement_exprs ')'
   36     | expr • '.' OBJECTID '(' ')'
   37     | expr • '@' TYPEID '.' OBJECTID '(' arguement_exprs ')'
   38     | expr • '@' TYPEID '.' OBJECTID '(' ')'
   46     | expr • '+' expr
   47     | expr • '-' expr
   48     | expr • '*' expr
   49     | expr • '/' expr
   50     | '~' expr •
   51     | expr • '<' expr
   52     | expr • LE expr
   53     | expr • '=' expr

    '@'  shift, and go to state 77
    '.'  shift, and go to state 78

    $default  reduce using rule 50 (expr)


State 67

   18 block_exprs: block_exprs • expr ';'
   19            | block_exprs • error ';'
   41 expr: '{' block_exprs • '}'

    error       shift, and go to state 90
    IF          shift, and go to state 37
    LET         shift, and go to state 38
    WHILE       shift, and go to state 39
    CASE        shift, and go to state 40
    NEW         shift, and go to state 41
    ISVOID      shift, and go to state 42
    STR_CONST   shift, and go to state 43
    INT_CONST   shift, and go to state 44
    BOOL_CONST  shift, and go to state 45
    OBJECTID    shift, and go to state 46
    NOT         shift, and go to state 47
    '~'         shift, and go to state 48
    '{'         shift, and go to state 49
    '}'         shift, and go to state 91
    '('         shift, and go to state 50

    expr  go to state 92


State 68

   17 block_exprs: expr • ';'
   35 expr: expr • '.' OBJECTID '(' arguement_exprs ')'
   36     | expr • '.' OBJECTID '(' ')'
   37     | expr • '@' TYPEID '.' OBJECTID '(' arguement_exprs ')'
   38     | expr • '@' TYPEID '.' OBJECTID '(' ')'
   46     | expr • '+' expr
   47     | expr • '-' expr
   48     | expr • '*' expr
   49     | expr • '/' expr
   51     | expr • '<' expr
   52     | expr • LE expr
   53     | expr • '=' expr

    LE   shift, and go to state 70
    '<'  shift, and go to state 71
    '='  shift, and go to state 72
    '+'  shift, and go to state 73
    '-'  shift, and go to state 74
    '*'  shift, and go to state 75
    '/'  shift, and go to state 76
    '@'  shift, and go to state 77
    '.'  shift, and go to state 78
    ';'  shift, and go to state 93


State 69

   35 expr: expr • '.' OBJECTID '(' arguement_exprs ')'
   36     | expr • '.' OBJECTID '(' ')'
   37     | expr • '@' TYPEID '.' OBJECTID '(' arguement_exprs ')'
   38     | expr • '@' TYPEID '.' OBJECTID '(' ')'
   46     | expr • '+' expr
   47     | expr • '-' expr
   48     | expr • '*' expr
   49     | expr • '/' expr
   51     | expr • '<' expr
   52     | expr • LE expr
   53     | expr • '=' expr
   55     | '(' expr • ')'

    LE   shift, and go to state 70
    '<'  shift, and go to state 71
    '='  shift, and go to state 72
    '+'  shift, and go to state 73
    '-'  shift, and go to state 74
    '*'  shift, and go to state 75
    '/'  shift, and go to state 76
    '@'  shift, and go to state 77
    '.'  shift, and go to state 78
    ')'  shift, and go to state 94


State 70

   52 expr: expr LE • expr

    IF          shift, and go to state 37
    LET         shift, and go to state 38
    WHILE       shift, and go to state 39
    CASE        shift, and go to state 40
    NEW         shift, and go to state 41
    ISVOID      shift, and go to state 42
    STR_CONST   shift, and go to state 43
    INT_CONST   shift, and go to state 44
    BOOL_CONST  shift, and go to state 45
    OBJECTID    shift, and go to state 46
    NOT         shift, and go to state 47
    '~'         shift, and go to state 48
    '{'         shift, and go to state 49
    '('         shift, and go to state 50

    expr  go to state 95


State 71

   51 expr: expr '<' • expr

    IF          shift, and go to state 37
    LET         shift, and go to state 38
    WHILE       shift, and go to state 39
    CASE        shift, and go to state 40
    NEW         shift, and go to state 41
    ISVOID      shift, and go to state 42
    STR_CONST   shift, and go to state 43
    INT_CONST   shift, and go to state 44
    BOOL_CONST  shift, and go to state 45
    OBJECTID    shift, and go to state 46
    NOT         shift, and go to state 47
    '~'         shift, and go to state 48
    '{'         shift, and go to state 49
    '('         shift, and go to state 50

    expr  go to state 96


State 72

   53 expr: expr '=' • expr

    IF          shift, and go to state 37
    LET         shift, and go to state 38
    WHILE       shift, and go to state 39
    CASE        shift, and go to state 40
    NEW         shift, and go to state 41
    ISVOID      shift, and go to state 42
    STR_CONST   shift, and go to state 43
    INT_CONST   shift, and go to state 44
    BOOL_CONST  shift, and go to state 45
    OBJECTID    shift, and go to state 46
    NOT         shift, and go to state 47
    '~'         shift, and go to state 48
    '{'         shift, and go to state 49
    '('         shift, and go to state 50

    expr  go to state 97


State 73

   46 expr: expr '+' • expr

    IF          shift, and go to state 37
    LET         shift, and go to state 38
    WHILE       shift, and go to state 39
    CASE        shift, and go to state 40
    NEW         shift, and go to state 41
    ISVOID      shift, and go to state 42
    STR_CONST   shift, and go to state 43
    INT_CONST   shift, and go to state 44
    BOOL_CONST  shift, and go to state 45
    OBJECTID    shift, and go to state 46
    NOT         shift, and go to state 47
    '~'         shift, and go to state 48
    '{'         shift, and go to state 49
    '('         shift, and go to state 50

    expr  go to state 98


State 74

   47 expr: expr '-' • expr

    IF          shift, and go to state 37
    LET         shift, and go to state 38
    WHILE       shift, and go to state 39
    CASE        shift, and go to state 40
    NEW         shift, and go to state 41
    ISVOID      shift, and go to state 42
    STR_CONST   shift, and go to state 43
    INT_CONST   shift, and go to state 44
    BOOL_CONST  shift, and go to state 45
    OBJECTID    shift, and go to state 46
    NOT         shift, and go to state 47
    '~'         shift, and go to state 48
    '{'         shift, and go to state 49
    '('         shift, and go to state 50

    expr  go to state 99


State 75

   48 expr: expr '*' • expr

    IF          shift, and go to state 37
    LET         shift, and go to state 38
    WHILE       shift, and go to state 39
    CASE        shift, and go to state 40
    NEW         shift, and go to state 41
    ISVOID      shift, and go to state 42
    STR_CONST   shift, and go to state 43
    INT_CONST   shift, and go to state 44
    BOOL_CONST  shift, and go to state 45
    OBJECTID    shift, and go to state 46
    NOT         shift, and go to state 47
    '~'         shift, and go to state 48
    '{'         shift, and go to state 49
    '('         shift, and go to state 50

    expr  go to state 100


State 76

   49 expr: expr '/' • expr

    IF          shift, and go to state 37
    LET         shift, and go to state 38
    WHILE       shift, and go to state 39
    CASE        shift, and go to state 40
    NEW         shift, and go to state 41
    ISVOID      shift, and go to state 42
    STR_CONST   shift, and go to state 43
    INT_CONST   shift, and go to state 44
    BOOL_CONST  shift, and go to state 45
    OBJECTID    shift, and go to state 46
    NOT         shift, and go to state 47
    '~'         shift, and go to state 48
    '{'         shift, and go to state 49
    '('         shift, and go to state 50

    expr  go to state 101


State 77

   37 expr: expr '@' • TYPEID '.' OBJECTID '(' arguement_exprs ')'
   38     | expr '@' • TYPEID '.' OBJECTID '(' ')'

    TYPEID  shift, and go to state 102


State 78

   35 expr: expr '.' • OBJECTID '(' arguement_exprs ')'
   36     | expr '.' • OBJECTID '(' ')'

    OBJECTID  shift, and go to state 103


State 79

   10 feature: OBJECTID ':' TYPEID ASSIGN expr ';' •

    $default  reduce using rule 10 (feature)


State 80

   11 feature: OBJECTID '(' ')' ':' TYPEID '{' • expr '}' ';'

    IF          shift, and go to state 37
    LET         shift, and go to state 38
    WHILE       shift, and go to state 39
    CASE        shift, and go to state 40
    NEW         shift, and go to state 41
    ISVOID      shift, and go to state 42
    STR_CONST   shift, and go to state 43
    INT_CONST   shift, and go to state 44
    BOOL_CONST  shift, and go to state 45
    OBJECTID    shift, and go to state 46
    NOT         shift, and go to state 47
    '~'         shift, and go to state 48
    '{'         shift, and go to state 49
    '('         shift, and go to state 50

    expr  go to state 104


State 81

   12 feature: OBJECTID '(' formal_list ')' ':' TYPEID • '{' expr '}' ';'

    '{'  shift, and go to state 105


State 82

   39 expr: IF expr THEN • expr ELSE expr FI

    IF          shift, and go to state 37
    LET         shift, and go to state 38
    WHILE       shift, and go to state 39
    CASE        shift, and go to state 40
    NEW         shift, and go to state 41
    ISVOID      shift, and go to state 42
    STR_CONST   shift, and go to state 43
    INT_CONST   shift, and go to state 44
    BOOL_CONST  shift, and go to state 45
    OBJECTID    shift, and go to state 46
    NOT         shift, and go to state 47
    '~'         shift, and go to state 48
    '{'         shift, and go to state 49
    '('         shift, and go to state 50

    expr  go to state 106


State 83

   27 let_: OBJECTID ':' • TYPEID IN let_body
   28     | OBJECTID ':' • TYPEID ASSIGN expr IN let_body
   29     | OBJECTID ':' • TYPEID ',' let_
   30     | OBJECTID ':' • TYPEID ASSIGN expr ',' let_
   31     | OBJECTID ':' • TYPEID ASSIGN error IN let_body

    TYPEID  shift, and go to state 107


State 84

   40 expr: WHILE expr LOOP • expr POOL

    IF          shift, and go to state 37
    LET         shift, and go to state 38
    WHILE       shift, and go to state 39
    CASE        shift, and go to state 40
    NEW         shift, and go to state 41
    ISVOID      shift, and go to state 42
    STR_CONST   shift, and go to state 43
    INT_CONST   shift, and go to state 44
    BOOL_CONST  shift, and go to state 45
    OBJECTID    shift, and go to state 46
    NOT         shift, and go to state 47
    '~'         shift, and go to state 48
    '{'         shift, and go to state 49
    '('         shift, and go to state 50

    expr  go to state 108


State 85

   43 expr: CASE expr OF • case_branches ESAC

    OBJECTID  shift, and go to state 109

    case_branches  go to state 110
    case_branch    go to state 111


State 86

   32 expr: OBJECTID ASSIGN expr •
   35     | expr • '.' OBJECTID '(' arguement_exprs ')'
   36     | expr • '.' OBJECTID '(' ')'
   37     | expr • '@' TYPEID '.' OBJECTID '(' arguement_exprs ')'
   38     | expr • '@' TYPEID '.' OBJECTID '(' ')'
   46     | expr • '+' expr
   47     | expr • '-' expr
   48     | expr • '*' expr
   49     | expr • '/' expr
   51     | expr • '<' expr
   52     | expr • LE expr
   53     | expr • '=' expr

    LE   shift, and go to state 70
    '<'  shift, and go to state 71
    '='  shift, and go to state 72
    '+'  shift, and go to state 73
    '-'  shift, and go to state 74
    '*'  shift, and go to state 75
    '/'  shift, and go to state 76
    '@'  shift, and go to state 77
    '.'  shift, and go to state 78

    $default  reduce using rule 32 (expr)


State 87

   33 expr: OBJECTID '(' ')' •

    $default  reduce using rule 33 (expr)


State 88

   21 arguement_exprs: arguement_exprs • ',' expr
   22                | arguement_exprs • ',' error
   34 expr: OBJECTID '(' arguement_exprs • ')'

    ')'  shift, and go to state 112
    ','  shift, and go to state 113


State 89

   20 arguement_exprs: expr •
   35 expr: expr • '.' OBJECTID '(' arguement_exprs ')'
   36     | expr • '.' OBJECTID '(' ')'
   37     | expr • '@' TYPEID '.' OBJECTID '(' arguement_exprs ')'
   38     | expr • '@' TYPEID '.' OBJECTID '(' ')'
   46     | expr • '+' expr
   47     | expr • '-' expr
   48     | expr • '*' expr
   49     | expr • '/' expr
   51     | expr • '<' expr
   52     | expr • LE expr
   53     | expr • '=' expr

    LE   shift, and go to state 70
    '<'  shift, and go to state 71
    '='  shift, and go to state 72
    '+'  shift, and go to state 73
    '-'  shift, and go to state 74
    '*'  shift, and go to state 75
    '/'  shift, and go to state 76
    '@'  shift, and go to state 77
    '.'  shift, and go to state 78

    $default  reduce using rule 20 (arguement_exprs)


State 90

   19 block_exprs: block_exprs error • ';'

    ';'  shift, and go to state 114


State 91

   41 expr: '{' block_exprs '}' •

    $default  reduce using rule 41 (expr)


State 92

   18 block_exprs: block_exprs expr • ';'
   35 expr: expr • '.' OBJECTID '(' arguement_exprs ')'
   36     | expr • '.' OBJECTID '(' ')'
   37     | expr • '@' TYPEID '.' OBJECTID '(' arguement_exprs ')'
   38     | expr • '@' TYPEID '.' OBJECTID '(' ')'
   46     | expr • '+' expr
   47     | expr • '-' expr
   48     | expr • '*' expr
   49     | expr • '/' expr
   51     | expr • '<' expr
   52     | expr • LE expr
   53     | expr • '=' expr

    LE   shift, and go to state 70
    '<'  shift, and go to state 71
    '='  shift, and go to state 72
    '+'  shift, and go to state 73
    '-'  shift, and go to state 74
    '*'  shift, and go to state 75
    '/'  shift, and go to state 76
    '@'  shift, and go to state 77
    '.'  shift, and go to state 78
    ';'  shift, and go to state 115


State 93

   17 block_exprs: expr ';' •

    $default  reduce using rule 17 (block_exprs)


State 94

   55 expr: '(' expr ')' •

    $default  reduce using rule 55 (expr)


State 95

   35 expr: expr • '.' OBJECTID '(' arguement_exprs ')'
   36     | expr • '.' OBJECTID '(' ')'
   37     | expr • '@' TYPEID '.' OBJECTID '(' arguement_exprs ')'
   38     | expr • '@' TYPEID '.' OBJECTID '(' ')'
   46     | expr • '+' expr
   47     | expr • '-' expr
   48     | expr • '*' expr
   49     | expr • '/' expr
   51     | expr • '<' expr
   52     | expr • LE expr
   52     | expr LE expr •
   53     | expr • '=' expr

    '+'  shift, and go to state 73
    '-'  shift, and go to state 74
    '*'  shift, and go to state 75
    '/'  shift, and go to state 76
    '@'  shift, and go to state 77
    '.'  shift, and go to state 78

    LE   error (nonassociative)
    '<'  error (nonassociative)
    '='  error (nonassociative)

    $default  reduce using rule 52 (expr)


State 96

   35 expr: expr • '.' OBJECTID '(' arguement_exprs ')'
   36     | expr • '.' OBJECTID '(' ')'
   37     | expr • '@' TYPEID '.' OBJECTID '(' arguement_exprs ')'
   38     | expr • '@' TYPEID '.' OBJECTID '(' ')'
   46     | expr • '+' expr
   47     | expr • '-' expr
   48     | expr • '*' expr
   49     | expr • '/' expr
   51     | expr • '<' expr
   51     | expr '<' expr •
   52     | expr • LE expr
   53     | expr • '=' expr

    '+'  shift, and go to state 73
    '-'  shift, and go to state 74
    '*'  shift, and go to state 75
    '/'  shift, and go to state 76
    '@'  shift, and go to state 77
    '.'  shift, and go to state 78

    LE   error (nonassociative)
    '<'  error (nonassociative)
    '='  error (nonassociative)

    $default  reduce using rule 51 (expr)


State 97

   35 expr: expr • '.' OBJECTID '(' arguement_exprs ')'
   36     | expr • '.' OBJECTID '(' ')'
   37     | expr • '@' TYPEID '.' OBJECTID '(' arguement_exprs ')'
   38     | expr • '@' TYPEID '.' OBJECTID '(' ')'
   46     | expr • '+' expr
   47     | expr • '-' expr
   48     | expr • '*' expr
   49     | expr • '/' expr
   51     | expr • '<' expr
   52     | expr • LE expr
   53     | expr • '=' expr
   53     | expr '=' expr •

    '+'  shift, and go to state 73
    '-'  shift, and go to state 74
    '*'  shift, and go to state 75
    '/'  shift, and go to state 76
    '@'  shift, and go to state 77
    '.'  shift, and go to state 78

    LE   error (nonassociative)
    '<'  error (nonassociative)
    '='  error (nonassociative)

    $default  reduce using rule 53 (expr)


State 98

   35 expr: expr • '.' OBJECTID '(' arguement_exprs ')'
   36     | expr • '.' OBJECTID '(' ')'
   37     | expr • '@' TYPEID '.' OBJECTID '(' arguement_exprs ')'
   38     | expr • '@' TYPEID '.' OBJECTID '(' ')'
   46     | expr • '+' expr
   46     | expr '+' expr •
   47     | expr • '-' expr
   48     | expr • '*' expr
   49     | expr • '/' expr
   51     | expr • '<' expr
   52     | expr • LE expr
   53     | expr • '=' expr

    '*'  shift, and go to state 75
    '/'  shift, and go to state 76
    '@'  shift, and go to state 77
    '.'  shift, and go to state 78

    $default  reduce using rule 46 (expr)


State 99

   35 expr: expr • '.' OBJECTID '(' arguement_exprs ')'
   36     | expr • '.' OBJECTID '(' ')'
   37     | expr • '@' TYPEID '.' OBJECTID '(' arguement_exprs ')'
   38     | expr • '@' TYPEID '.' OBJECTID '(' ')'
   46     | expr • '+' expr
   47     | expr • '-' expr
   47     | expr '-' expr •
   48     | expr • '*' expr
   49     | expr • '/' expr
   51     | expr • '<' expr
   52     | expr • LE expr
   53     | expr • '=' expr

    '*'  shift, and go to state 75
    '/'  shift, and go to state 76
    '@'  shift, and go to state 77
    '.'  shift, and go to state 78

    $default  reduce using rule 47 (expr)


State 100

   35 expr: expr • '.' OBJECTID '(' arguement_exprs ')'
   36     | expr • '.' OBJECTID '(' ')'
   37     | expr • '@' TYPEID '.' OBJECTID '(' arguement_exprs ')'
   38     | expr • '@' TYPEID '.' OBJECTID '(' ')'
   46     | expr • '+' expr
   47     | expr • '-' expr
   48     | expr • '*' expr
   48     | expr '*' expr •
   49     | expr • '/' expr
   51     | expr • '<' expr
   52     | expr • LE expr
   53     | expr • '=' expr

    '@'  shift, and go to state 77
    '.'  shift, and go to state 78

    $default  reduce using rule 48 (expr)


State 101

   35 expr: expr • '.' OBJECTID '(' arguement_exprs ')'
   36     | expr • '.' OBJECTID '(' ')'
   37     | expr • '@' TYPEID '.' OBJECTID '(' arguement_exprs ')'
   38     | expr • '@' TYPEID '.' OBJECTID '(' ')'
   46     | expr • '+' expr
   47     | expr • '-' expr
   48     | expr • '*' expr
   49     | expr • '/' expr
   49     | expr '/' expr •
   51     | expr • '<' expr
   52     | expr • LE expr
   53     | expr • '=' expr

    '@'  shift, and go to state 77
    '.'  shift, and go to state 78

    $default  reduce using rule 49 (expr)


State 102

   37 expr: expr '@' TYPEID • '.' OBJECTID '(' arguement_exprs ')'
   38     | expr '@' TYPEID • '.' OBJECTID '(' ')'

    '.'  shift, and go to state 116


State 103

   35 expr: expr '.' OBJECTID • '(' arguement_exprs ')'
   36     | expr '.' OBJECTID • '(' ')'

    '('  shift, and go to state 117


State 104

   11 feature: OBJECTID '(' ')' ':' TYPEID '{' expr • '}' ';'
   35 expr: expr • '.' OBJECTID '(' arguement_exprs ')'
   36     | expr • '.' OBJECTID '(' ')'
   37     | expr • '@' TYPEID '.' OBJECTID '(' arguement_exprs ')'
   38     | expr • '@' TYPEID '.' OBJECTID '(' ')'
   46     | expr • '+' expr
   47     | expr • '-' expr
   48     | expr • '*' expr
   49     | expr • '/' expr
   51     | expr • '<' expr
   52     | expr • LE expr
   53     | expr • '=' expr

    LE   shift, and go to state 70
    '<'  shift, and go to state 71
    '='  shift, and go to state 72
    '+'  shift, and go to state 73
    '-'  shift, and go to state 74
    '*'  shift, and go to state 75
    '/'  shift, and go to state 76
    '@'  shift, and go to state 77
    '.'  shift, and go to state 78
    '}'  shift, and go to state 118


State 105

   12 feature: OBJECTID '(' formal_list ')' ':' TYPEID '{' • expr '}' ';'

    IF          shift, and go to state 37
    LET         shift, and go to state 38
    WHILE       shift, and go to state 39
    CASE        shift, and go to state 40
    NEW         shift, and go to state 41
    ISVOID      shift, and go to state 42
    STR_CONST   shift, and go to state 43
    INT_CONST   shift, and go to state 44
    BOOL_CONST  shift, and go to state 45
    OBJECTID    shift, and go to state 46
    NOT         shift, and go to state 47
    '~'         shift, and go to state 48
    '{'         shift, and go to state 49
    '('         shift, and go to state 50

    expr  go to state 119


State 106

   35 expr: expr • '.' OBJECTID '(' arguement_exprs ')'
   36     | expr • '.' OBJECTID '(' ')'
   37     | expr • '@' TYPEID '.' OBJECTID '(' arguement_exprs ')'
   38     | expr • '@' TYPEID '.' OBJECTID '(' ')'
   39     | IF expr THEN expr • ELSE expr FI
   46     | expr • '+' expr
   47     | expr • '-' expr
   48     | expr • '*' expr
   49     | expr • '/' expr
   51     | expr • '<' expr
   52     | expr • LE expr
   53     | expr • '=' expr

    ELSE  shift, and go to state 120
    LE    shift, and go to state 70
    '<'   shift, and go to state 71
    '='   shift, and go to state 72
    '+'   shift, and go to state 73
    '-'   shift, and go to state 74
    '*'   shift, and go to state 75
    '/'   shift, and go to state 76
    '@'   shift, and go to state 77
    '.'   shift, and go to state 78


State 107

   27 let_: OBJECTID ':' TYPEID • IN let_body
   28     | OBJECTID ':' TYPEID • ASSIGN expr IN let_body
   29     | OBJECTID ':' TYPEID • ',' let_
   30     | OBJECTID ':' TYPEID • ASSIGN expr ',' let_
   31     | OBJECTID ':' TYPEID • ASSIGN error IN let_body

    IN      shift, and go to state 121
    ASSIGN  shift, and go to state 122
    ','     shift, and go to state 123


State 108

   35 expr: expr • '.' OBJECTID '(' arguement_exprs ')'
   36     | expr • '.' OBJECTID '(' ')'
   37     | expr • '@' TYPEID '.' OBJECTID '(' arguement_exprs ')'
   38     | expr • '@' TYPEID '.' OBJECTID '(' ')'
   40     | WHILE expr LOOP expr • POOL
   46     | expr • '+' expr
   47     | expr • '-' expr
   48     | expr • '*' expr
   49     | expr • '/' expr
   51     | expr • '<' expr
   52     | expr • LE expr
   53     | expr • '=' expr

    POOL  shift, and go to state 124
    LE    shift, and go to state 70
    '<'   shift, and go to state 71
    '='   shift, and go to state 72
    '+'   shift, and go to state 73
    '-'   shift, and go to state 74
    '*'   shift, and go to state 75
    '/'   shift, and go to state 76
    '@'   shift, and go to state 77
    '.'   shift, and go to state 78


State 109

   25 case_branch: OBJECTID • ':' TYPEID DARROW expr ';'

    ':'  shift, and go to state 125


State 110

   24 case_branches: case_branches • case_branch
   43 expr: CASE expr OF case_branches • ESAC

    ESAC      shift, and go to state 126
    OBJECTID  shift, and go to state 109

    case_branch  go to state 127


State 111

   23 case_branches: case_branch •

    $default  reduce using rule 23 (case_branches)


State 112

   34 expr: OBJECTID '(' arguement_exprs ')' •

    $default  reduce using rule 34 (expr)


State 113

   21 arguement_exprs: arguement_exprs ',' • expr
   22                | arguement_exprs ',' • error

    error       shift, and go to state 128
    IF          shift, and go to state 37
    LET         shift, and go to state 38
    WHILE       shift, and go to state 39
    CASE        shift, and go to state 40
    NEW         shift, and go to state 41
    ISVOID      shift, and go to state 42
    STR_CONST   shift, and go to state 43
    INT_CONST   shift, and go to state 44
    BOOL_CONST  shift, and go to state 45
    OBJECTID    shift, and go to state 46
    NOT         shift, and go to state 47
    '~'         shift, and go to state 48
    '{'         shift, and go to state 49
    '('         shift, and go to state 50

    expr  go to state 129


State 114

   19 block_exprs: block_exprs error ';' •

    $default  reduce using rule 19 (block_exprs)


State 115

   18 block_exprs: block_exprs expr ';' •

    $default  reduce using rule 18 (block_exprs)


State 116

   37 expr: expr '@' TYPEID '.' • OBJECTID '(' arguement_exprs ')'
   38     | expr '@' TYPEID '.' • OBJECTID '(' ')'

    OBJECTID  shift, and go to state 130


State 117

   35 expr: expr '.' OBJECTID '(' • arguement_exprs ')'
   36     | expr '.' OBJECTID '(' • ')'

    IF          shift, and go to state 37
    LET         shift, and go to state 38
    WHILE       shift, and go to state 39
    CASE        shift, and go to state 40
    NEW         shift, and go to state 41
    ISVOID      shift, and go to state 42
    STR_CONST   shift, and go to state 43
    INT_CONST   shift, and go to state 44
    BOOL_CONST  shift, and go to state 45
    OBJECTID    shift, and go to state 46
    NOT         shift, and go to state 47
    '~'         shift, and go to state 48
    '{'         shift, and go to state 49
    '('         shift, and go to state 50
    ')'         shift, and go to state 131

    arguement_exprs  go to state 132
    expr             go to state 89


State 118

   11 feature: OBJECTID '(' ')' ':' TYPEID '{' expr '}' • ';'

    ';'  shift, and go to state 133


State 119

   12 feature: OBJECTID '(' formal_list ')' ':' TYPEID '{' expr • '}' ';'
   35 expr: expr • '.' OBJECTID '(' arguement_exprs ')'
   36     | expr • '.' OBJECTID '(' ')'
   37     | expr • '@' TYPEID '.' OBJECTID '(' arguement_exprs ')'
   38     | expr • '@' TYPEID '.' OBJECTID '(' ')'
   46     | expr • '+' expr
   47     | expr • '-' expr
   48     | expr • '*' expr
   49     | expr • '/' expr
   51     | expr • '<' expr
   52     | expr • LE expr
   53     | expr • '=' expr

    LE   shift, and go to state 70
    '<'  shift, and go to state 71
    '='  shift, and go to state 72
    '+'  shift, and go to state 73
    '-'  shift, and go to state 74
    '*'  shift, and go to state 75
    '/'  shift, and go to state 76
    '@'  shift, and go to state 77
    '.'  shift, and go to state 78
    '}'  shift, and go to state 134


State 120

   39 expr: IF expr THEN expr ELSE • expr FI

    IF          shift, and go to state 37
    LET         shift, and go to state 38
    WHILE       shift, and go to state 39
    CASE        shift, and go to state 40
    NEW         shift, and go to state 41
    ISVOID      shift, and go to state 42
    STR_CONST   shift, and go to state 43
    INT_CONST   shift, and go to state 44
    BOOL_CONST  shift, and go to state 45
    OBJECTID    shift, and go to state 46
    NOT         shift, and go to state 47
    '~'         shift, and go to state 48
    '{'         shift, and go to state 49
    '('         shift, and go to state 50

    expr  go to state 135


State 121

   27 let_: OBJECTID ':' TYPEID IN • let_body

    IF          shift, and go to state 37
    LET         shift, and go to state 38
    WHILE       shift, and go to state 39
    CASE        shift, and go to state 40
    NEW         shift, and go to state 41
    ISVOID      shift, and go to state 42
    STR_CONST   shift, and go to state 43
    INT_CONST   shift, and go to state 44
    BOOL_CONST  shift, and go to state 45
    OBJECTID    shift, and go to state 46
    NOT         shift, and go to state 47
    '~'         shift, and go to state 48
    '{'         shift, and go to state 49
    '('         shift, and go to state 50

    let_body  go to state 136
    expr      go to state 137


State 122

   28 let_: OBJECTID ':' TYPEID ASSIGN • expr IN let_body
   30     | OBJECTID ':' TYPEID ASSIGN • expr ',' let_
   31     | OBJECTID ':' TYPEID ASSIGN • error IN let_body

    error       shift, and go to state 138
    IF          shift, and go to state 37
    LET         shift, and go to state 38
    WHILE       shift, and go to state 39
    CASE        shift, and go to state 40
    NEW         shift, and go to state 41
    ISVOID      shift, and go to state 42
    STR_CONST   shift, and go to state 43
    INT_CONST   shift, and go to state 44
    BOOL_CONST  shift, and go to state 45
    OBJECTID    shift, and go to state 46
    NOT         shift, and go to state 47
    '~'         shift, and go to state 48
    '{'         shift, and go to state 49
    '('         shift, and go to state 50

    expr  go to state 139


State 123

   29 let_: OBJECTID ':' TYPEID ',' • let_

    OBJECTID  shift, and go to state 57

    let_  go to state 140


State 124

   40 expr: WHILE expr LOOP expr POOL •

    $default  reduce using rule 40 (expr)


State 125

   25 case_branch: OBJECTID ':' • TYPEID DARROW expr ';'

    TYPEID  shift, and go to state 141


State 126

   43 expr: CASE expr OF case_branches ESAC •

    $default  reduce using rule 43 (expr)


State 127

   24 case_branches: case_branches case_branch •

    $default  reduce using rule 24 (case_branches)


State 128

   22 arguement_exprs: arguement_exprs ',' error •

    $default  reduce using rule 22 (arguement_exprs)


State 129

   21 arguement_exprs: arguement_exprs ',' expr •
   35 expr: expr • '.' OBJECTID '(' arguement_exprs ')'
   36     | expr • '.' OBJECTID '(' ')'
   37     | expr • '@' TYPEID '.' OBJECTID '(' arguement_exprs ')'
   38     | expr • '@' TYPEID '.' OBJECTID '(' ')'
   46     | expr • '+' expr
   47     | expr • '-' expr
   48     | expr • '*' expr
   49     | expr • '/' expr
   51     | expr • '<' expr
   52     | expr • LE expr
   53     | expr • '=' expr

    LE   shift, and go to state 70
    '<'  shift, and go to state 71
    '='  shift, and go to state 72
    '+'  shift, and go to state 73
    '-'  shift, and go to state 74
    '*'  shift, and go to state 75
    '/'  shift, and go to state 76
    '@'  shift, and go to state 77
    '.'  shift, and go to state 78

    $default  reduce using rule 21 (arguement_exprs)


State 130

   37 expr: expr '@' TYPEID '.' OBJECTID • '(' arguement_exprs ')'
   38     | expr '@' TYPEID '.' OBJECTID • '(' ')'

    '('  shift, and go to state 142


State 131

   36 expr: expr '.' OBJECTID '(' ')' •

    $default  reduce using rule 36 (expr)


State 132

   21 arguement_exprs: arguement_exprs • ',' expr
   22                | arguement_exprs • ',' error
   35 expr: expr '.' OBJECTID '(' arguement_exprs • ')'

    ')'  shift, and go to state 143
    ','  shift, and go to state 113


State 133

   11 feature: OBJECTID '(' ')' ':' TYPEID '{' expr '}' ';' •

    $default  reduce using rule 11 (feature)


State 134

   12 feature: OBJECTID '(' formal_list ')' ':' TYPEID '{' expr '}' • ';'

    ';'  shift, and go to state 144


State 135

   35 expr: expr • '.' OBJECTID '(' arguement_exprs ')'
   36     | expr • '.' OBJECTID '(' ')'
   37     | expr • '@' TYPEID '.' OBJECTID '(' arguement_exprs ')'
   38     | expr • '@' TYPEID '.' OBJECTID '(' ')'
   39     | IF expr THEN expr ELSE expr • FI
   46     | expr • '+' expr
   47     | expr • '-' expr
   48     | expr • '*' expr
   49     | expr • '/' expr
   51     | expr • '<' expr
   52     | expr • LE expr
   53     | expr • '=' expr

    FI   shift, and go to state 145
    LE   shift, and go to state 70
    '<'  shift, and go to state 71
    '='  shift, and go to state 72
    '+'  shift, and go to state 73
    '-'  shift, and go to state 74
    '*'  shift, and go to state 75
    '/'  shift, and go to state 76
    '@'  shift, and go to state 77
    '.'  shift, and go to state 78


State 136

   27 let_: OBJECTID ':' TYPEID IN let_body •

    $default  reduce using rule 27 (let_)


State 137

   26 let_body: expr •
   35 expr: expr • '.' OBJECTID '(' arguement_exprs ')'
   36     | expr • '.' OBJECTID '(' ')'
   37     | expr • '@' TYPEID '.' OBJECTID '(' arguement_exprs ')'
   38     | expr • '@' TYPEID '.' OBJECTID '(' ')'
   46     | expr • '+' expr
   47     | expr • '-' expr
   48     | expr • '*' expr
   49     | expr • '/' expr
   51     | expr • '<' expr
   52     | expr • LE expr
   53     | expr • '=' expr

    LE   shift, and go to state 70
    '<'  shift, and go to state 71
    '='  shift, and go to state 72
    '+'  shift, and go to state 73
    '-'  shift, and go to state 74
    '*'  shift, and go to state 75
    '/'  shift, and go to state 76
    '@'  shift, and go to state 77
    '.'  shift, and go to state 78

    $default  reduce using rule 26 (let_body)


State 138

   31 let_: OBJECTID ':' TYPEID ASSIGN error • IN let_body

    IN  shift, and go to state 146


State 139

   28 let_: OBJECTID ':' TYPEID ASSIGN expr • IN let_body
   30     | OBJECTID ':' TYPEID ASSIGN expr • ',' let_
   35 expr: expr • '.' OBJECTID '(' arguement_exprs ')'
   36     | expr • '.' OBJECTID '(' ')'
   37     | expr • '@' TYPEID '.' OBJECTID '(' arguement_exprs ')'
   38     | expr • '@' TYPEID '.' OBJECTID '(' ')'
   46     | expr • '+' expr
   47     | expr • '-' expr
   48     | expr • '*' expr
   49     | expr • '/' expr
   51     | expr • '<' expr
   52     | expr • LE expr
   53     | expr • '=' expr

    IN   shift, and go to state 147
    LE   shift, and go to state 70
    '<'  shift, and go to state 71
    '='  shift, and go to state 72
    '+'  shift, and go to state 73
    '-'  shift, and go to state 74
    '*'  shift, and go to state 75
    '/'  shift, and go to state 76
    '@'  shift, and go to state 77
    '.'  shift, and go to state 78
    ','  shift, and go to state 148


State 140

   29 let_: OBJECTID ':' TYPEID ',' let_ •

    $default  reduce using rule 29 (let_)


State 141

   25 case_branch: OBJECTID ':' TYPEID • DARROW expr ';'

    DARROW  shift, and go to state 149


State 142

   37 expr: expr '@' TYPEID '.' OBJECTID '(' • arguement_exprs ')'
   38     | expr '@' TYPEID '.' OBJECTID '(' • ')'

    IF          shift, and go to state 37
    LET         shift, and go to state 38
    WHILE       shift, and go to state 39
    CASE        shift, and go to state 40
    NEW         shift, and go to state 41
    ISVOID      shift, and go to state 42
    STR_CONST   shift, and go to state 43
    INT_CONST   shift, and go to state 44
    BOOL_CONST  shift, and go to state 45
    OBJECTID    shift, and go to state 46
    NOT         shift, and go to state 47
    '~'         shift, and go to state 48
    '{'         shift, and go to state 49
    '('         shift, and go to state 50
    ')'         shift, and go to state 150

    arguement_exprs  go to state 151
    expr             go to state 89


State 143

   35 expr: expr '.' OBJECTID '(' arguement_exprs ')' •

    $default  reduce using rule 35 (expr)


State 144

   12 feature: OBJECTID '(' formal_list ')' ':' TYPEID '{' expr '}' ';' •

    $default  reduce using rule 12 (feature)


State 145

   39 expr: IF expr THEN expr ELSE expr FI •

    $default  reduce using rule 39 (expr)


State 146

   31 let_: OBJECTID ':' TYPEID ASSIGN error IN • let_body

    IF          shift, and go to state 37
    LET         shift, and go to state 38
    WHILE       shift, and go to state 39
    CASE        shift, and go to state 40
    NEW         shift, and go to state 41
    ISVOID      shift, and go to state 42
    STR_CONST   shift, and go to state 43
    INT_CONST   shift, and go to state 44
    BOOL_CONST  shift, and go to state 45
    OBJECTID    shift, and go to state 46
    NOT         shift, and go to state 47
    '~'         shift, and go to state 48
    '{'         shift, and go to state 49
    '('         shift, and go to state 50

    let_body  go to state 152
    expr      go to state 137


State 147

   28 let_: OBJECTID ':' TYPEID ASSIGN expr IN • let_body

    IF          shift, and go to state 37
    LET         shift, and go to state 38
    WHILE       shift, and go to state 39
    CASE        shift, and go to state 40
    NEW         shift, and go to state 41
    ISVOID      shift, and go to state 42
    STR_CONST   shift, and go to state 43
    INT_CONST   shift, and go to state 44
    BOOL_CONST  shift, and go to state 45
    OBJECTID    shift, and go to state 46
    NOT         shift, and go to state 47
    '~'         shift, and go to state 48
    '{'         shift, and go to state 49
    '('         shift, and go to state 50

    let_body  go to state 153
    expr      go to state 137


State 148

   30 let_: OBJECTID ':' TYPEID ASSIGN expr ',' • let_

    OBJECTID  shift, and go to state 57

    let_  go to state 154


State 149

   25 case_branch: OBJECTID ':' TYPEID DARROW • expr ';'

    IF          shift, and go to state 37
    LET         shift, and go to state 38
    WHILE       shift, and go to state 39
    CASE        shift, and go to state 40
    NEW         shift, and go to state 41
    ISVOID      shift, and go to state 42
    STR_CONST   shift, and go to state 43
    INT_CONST   shift, and go to state 44
    BOOL_CONST  shift, and go to state 45
    OBJECTID    shift, and go to state 46
    NOT         shift, and go to state 47
    '~'         shift, and go to state 48
    '{'         shift, and go to state 49
    '('         shift, and go to state 50

    expr  go to state 155


State 150

   38 expr: expr '@' TYPEID '.' OBJECTID '(' ')' •

    $default  reduce using rule 38 (expr)


State 151

   21 arguement_exprs: arguement_exprs • ',' expr
   22                | arguement_exprs • ',' error
   37 expr: expr '@' TYPEID '.' OBJECTID '(' arguement_exprs • ')'

    ')'  shift, and go to state 156
    ','  shift, and go to state 113


State 152

   31 let_: OBJECTID ':' TYPEID ASSIGN error IN let_body •

    $default  reduce using rule 31 (let_)


State 153

   28 let_: OBJECTID ':' TYPEID ASSIGN expr IN let_body •

    $default  reduce using rule 28 (let_)


State 154

   30 let_: OBJECTID ':' TYPEID ASSIGN expr ',' let_ •

    $default  reduce using rule 30 (let_)


State 155

   25 case_branch: OBJECTID ':' TYPEID DARROW expr • ';'
   35 expr: expr • '.' OBJECTID '(' arguement_exprs ')'
   36     | expr • '.' OBJECTID '(' ')'
   37     | expr • '@' TYPEID '.' OBJECTID '(' arguement_exprs ')'
   38     | expr • '@' TYPEID '.' OBJECTID '(' ')'
   46     | expr • '+' expr
   47     | expr • '-' expr
   48     | expr • '*' expr
   49     | expr • '/' expr
   51     | expr • '<' expr
   52     | expr • LE expr
   53     | expr • '=' expr

    LE   shift, and go to state 70
    '<'  shift, and go to state 71
    '='  shift, and go to state 72
    '+'  shift, and go to state 73
    '-'  shift, and go to state 74
    '*'  shift, and go to state 75
    '/'  shift, and go to state 76
    '@'  shift, and go to state 77
    '.'  shift, and go to state 78
    ';'  shift, and go to state 157


State 156

   37 expr: expr '@' TYPEID '.' OBJECTID '(' arguement_exprs ')' •

    $default  reduce using rule 37 (expr)


State 157

   25 case_branch: OBJECTID ':' TYPEID DARROW expr ';' •

    $default  reduce using rule 25 (case_branch)
